[debug] [2020-11-18T00:04:31.002Z] ----------------------------------------------------------------------
[debug] [2020-11-18T00:04:31.006Z] Command:       C:\Program Files\nodejs\node.exe C:\Users\emani\AppData\Roaming\npm\node_modules\firebase-tools\lib\bin\firebase.js init
[debug] [2020-11-18T00:04:31.010Z] CLI Version:   8.12.0
[debug] [2020-11-18T00:04:31.010Z] Platform:      win32
[debug] [2020-11-18T00:04:31.010Z] Node Version:  v14.5.0
[debug] [2020-11-18T00:04:31.010Z] Time:          Tue Nov 17 2020 20:04:31 GMT-0400 (Bolivia Time)
[debug] [2020-11-18T00:04:31.010Z] ----------------------------------------------------------------------
[debug] [2020-11-18T00:04:31.014Z] 
[debug] [2020-11-18T00:04:31.030Z] > command requires scopes: ["email","openid","https://www.googleapis.com/auth/cloudplatformprojects.readonly","https://www.googleapis.com/auth/firebase","https://www.googleapis.com/auth/cloud-platform"]
[debug] [2020-11-18T00:04:31.030Z] > authorizing via signed-in user
[info] 
     ######## #### ########  ######## ########     ###     ######  ########
     ##        ##  ##     ## ##       ##     ##  ##   ##  ##       ##
     ######    ##  ########  ######   ########  #########  ######  ######
     ##        ##  ##    ##  ##       ##     ## ##     ##       ## ##
     ##       #### ##     ## ######## ########  ##     ##  ######  ########

You're about to initialize a Firebase project in this directory:

  C:\Users\emani\Desktop\WEB DEV\ecommerce-site\Ecommerce-amazonProject

Before we get started, keep in mind:

  * You are initializing in an existing Firebase project directory

